<?xml version="1.0" encoding="UTF-8"?>
<testsuite xmlns:xsi="http://www.w3.org/2001/XMLSchema-instance" xsi:noNamespaceSchemaLocation="https://maven.apache.org/surefire/maven-surefire-plugin/xsd/surefire-test-report.xsd" name="com.tmser.util.IdentitiesTest" time="0.412" tests="6" errors="0" skipped="0" failures="0">
  <properties>
[...]
</properties>
  <testcase name="getRandomSequence" classname="com.tmser.util.IdentitiesTest" time="0.012"/>
  <testcase name="randomInt" classname="com.tmser.util.IdentitiesTest" time="0"/>
  <testcase name="uuid" classname="com.tmser.util.IdentitiesTest" time="0.279"/>
  <testcase name="uuid2" classname="com.tmser.util.IdentitiesTest" time="0.001"/>
  <testcase name="randomLong" classname="com.tmser.util.IdentitiesTest" time="0"/>
  <testcase name="generateId" classname="com.tmser.util.IdentitiesTest" time="0.064"/>
</testsuite>